Reading package lists...
Reading package lists...
Building dependency tree...
Reading state information...
The following NEW packages will be installed:
  acl autoconf automake autopoint autotools-dev binutils
  binutils-aarch64-linux-gnu binutils-common bsdextrautils build-essential
  bzip2 cpp cpp-11 debhelper debugedit dh-autoreconf dh-strip-nondeterminism
  docbook-xml docbook-xsl dpkg-dev dwz file g++ g++-11 gawk gcc gcc-11
  gcc-11-base gettext gettext-base gir1.2-polkit-1.0 gnu-efi gperf groff-base
  intltool-debian libacl1-dev libapparmor-dev libarchive-zip-perl libasan6
  libatomic1 libattr1-dev libaudit-dev libbinutils libblkid-dev libbz2-dev
  libc-dev-bin libc6-dev libcap-dev libcap-ng-dev libcc1-0 libcrypt-dev
  libcryptsetup-dev libctf-nobfd0 libctf0 libcurl4-gnutls-dev libdbus-1-dev
  libdebhelper-perl libdpkg-perl libdw-dev libdw1 libelf-dev libevent-2.1-7
  libffi-dev libfile-stripnondeterminism-perl libgcc-11-dev libgcrypt20-dev
  libglib2.0-bin libglib2.0-dev libglib2.0-dev-bin libgmp-dev libgmpxx4ldbl
  libgnutls-dane0 libgnutls-openssl27 libgnutls28-dev libgnutlsxx28 libgomp1
  libgpg-error-dev libhwasan0 libidn2-dev libip4tc-dev libip6tc-dev libip6tc2
  libiptc-dev libisl23 libitm1 libkmod-dev liblsan0 liblz4-dev liblz4-tool
  liblzma-dev libmagic-mgc libmagic1 libmicrohttpd-dev libmicrohttpd12
  libmount-dev libmpc3 libmpfr6 libnsl-dev libp11-kit-dev libpam0g-dev
  libpcre16-3 libpcre2-16-0 libpcre2-32-0 libpcre2-dev libpcre2-posix3
  libpcre3-dev libpcre32-3 libpcrecpp0v5 libpipeline1 libpolkit-agent-1-0
  libpolkit-gobject-1-0 libpolkit-gobject-1-dev libseccomp-dev libselinux1-dev
  libsepol-dev libsigsegv2 libstdc++-11-dev libsub-override-perl
  libtasn1-6-dev libtirpc-dev libtool libtsan0 libubsan1 libuchardet0
  libunbound8 libxslt1.1 libzstd-dev linux-base linux-libc-dev
  lto-disabled-list lz4 m4 make man-db meson nettle-dev ninja-build pkg-config
  po-debconf python-babel-localedata python3-babel python3-distutils
  python3-evdev python3-jinja2 python3-lib2to3 python3-lxml python3-markupsafe
  python3-pyparsing python3-tz rpcsvc-proto sgml-base sgml-data uuid-dev
  xml-core xsltproc xz-utils zlib1g-dev zstd
0 upgraded, 158 newly installed, 0 to remove and 0 not upgraded.
Need to get 90.4 MB of archives.
After this operation, 342 MB of additional disk space will be used.
Do you want to continue? [Y/n] Get:1 http://ports.ubuntu.com/ubuntu-ports jammy/main arm64 libmpfr6 arm64 4.1.0-3build3 [245 kB]
Get:2 http://ports.ubuntu.com/ubuntu-ports jammy/main arm64 libsigsegv2 arm64 2.13-1ubuntu3 [14.5 kB]
Get:3 http://ports.ubuntu.com/ubuntu-ports jammy/main arm64 gawk arm64 1:5.1.0-1build3 [426 kB]
Get:4 http://ports.ubuntu.com/ubuntu-ports jammy/main arm64 sgml-base all 1.30 [12.5 kB]
Get:5 http://ports.ubuntu.com/ubuntu-ports jammy/main arm64 bsdextrautils arm64 2.37.2-4ubuntu3 [70.1 kB]
Get:6 http://ports.ubuntu.com/ubuntu-ports jammy/main arm64 libmagic-mgc arm64 1:5.41-3 [257 kB]
Get:7 http://ports.ubuntu.com/ubuntu-ports jammy/main arm64 libmagic1 arm64 1:5.41-3 [85.0 kB]
Get:8 http://ports.ubuntu.com/ubuntu-ports jammy/main arm64 file arm64 1:5.41-3 [21.6 kB]
Get:9 http://ports.ubuntu.com/ubuntu-ports jammy/main arm64 gettext-base arm64 0.21-4ubuntu4 [37.2 kB]
Get:10 http://ports.ubuntu.com/ubuntu-ports jammy/main arm64 libuchardet0 arm64 0.0.7-1build2 [77.3 kB]
Get:11 http://ports.ubuntu.com/ubuntu-ports jammy/main arm64 groff-base arm64 1.22.4-8build1 [917 kB]
Get:12 http://ports.ubuntu.com/ubuntu-ports jammy/main arm64 libip6tc2 arm64 1.8.7-1ubuntu5 [20.1 kB]
Get:13 http://ports.ubuntu.com/ubuntu-ports jammy/main arm64 libpipeline1 arm64 1.5.5-1 [23.2 kB]
Get:14 http://ports.ubuntu.com/ubuntu-ports jammy/main arm64 man-db arm64 2.10.2-1 [1181 kB]
Get:15 http://ports.ubuntu.com/ubuntu-ports jammy/main arm64 xz-utils arm64 5.2.5-2ubuntu1 [84.4 kB]
Get:16 http://ports.ubuntu.com/ubuntu-ports jammy/main arm64 acl arm64 2.3.1-1 [38.6 kB]
Get:17 http://ports.ubuntu.com/ubuntu-ports jammy/main arm64 m4 arm64 1.4.18-5ubuntu2 [196 kB]
Get:18 http://ports.ubuntu.com/ubuntu-ports jammy/main arm64 autoconf all 2.71-2 [338 kB]
Get:19 http://ports.ubuntu.com/ubuntu-ports jammy/main arm64 autotools-dev all 20220109.1 [44.9 kB]
Get:20 http://ports.ubuntu.com/ubuntu-ports jammy/main arm64 automake all 1:1.16.5-1.3 [558 kB]
Get:21 http://ports.ubuntu.com/ubuntu-ports jammy/main arm64 autopoint all 0.21-4ubuntu4 [422 kB]
Get:22 http://ports.ubuntu.com/ubuntu-ports jammy/main arm64 binutils-common arm64 2.38-3ubuntu1 [221 kB]
Get:23 http://ports.ubuntu.com/ubuntu-ports jammy/main arm64 libbinutils arm64 2.38-3ubuntu1 [825 kB]
Get:24 http://ports.ubuntu.com/ubuntu-ports jammy/main arm64 libctf-nobfd0 arm64 2.38-3ubuntu1 [106 kB]
Get:25 http://ports.ubuntu.com/ubuntu-ports jammy/main arm64 libctf0 arm64 2.38-3ubuntu1 [102 kB]
Get:26 http://ports.ubuntu.com/ubuntu-ports jammy/main arm64 binutils-aarch64-linux-gnu arm64 2.38-3ubuntu1 [3225 kB]
Get:27 http://ports.ubuntu.com/ubuntu-ports jammy/main arm64 binutils arm64 2.38-3ubuntu1 [3156 B]
Get:28 http://ports.ubuntu.com/ubuntu-ports jammy/main arm64 libc-dev-bin arm64 2.35-0ubuntu3 [19.6 kB]
Get:29 http://ports.ubuntu.com/ubuntu-ports jammy-updates/main arm64 linux-libc-dev arm64 5.15.0-30.31 [1283 kB]
Get:30 http://ports.ubuntu.com/ubuntu-ports jammy/main arm64 libcrypt-dev arm64 1:4.4.27-1 [119 kB]
Get:31 http://ports.ubuntu.com/ubuntu-ports jammy/main arm64 rpcsvc-proto arm64 1.4.2-0ubuntu6 [65.4 kB]
Get:32 http://ports.ubuntu.com/ubuntu-ports jammy/main arm64 libtirpc-dev arm64 1.3.2-2build1 [198 kB]
Get:33 http://ports.ubuntu.com/ubuntu-ports jammy/main arm64 libnsl-dev arm64 1.3.0-2build2 [72.1 kB]
Get:34 http://ports.ubuntu.com/ubuntu-ports jammy/main arm64 libc6-dev arm64 2.35-0ubuntu3 [1544 kB]
Get:35 http://ports.ubuntu.com/ubuntu-ports jammy/main arm64 gcc-11-base arm64 11.2.0-19ubuntu1 [20.8 kB]
Get:36 http://ports.ubuntu.com/ubuntu-ports jammy/main arm64 libisl23 arm64 0.24-2build1 [689 kB]
Get:37 http://ports.ubuntu.com/ubuntu-ports jammy/main arm64 libmpc3 arm64 1.2.1-2build1 [48.1 kB]
Get:38 http://ports.ubuntu.com/ubuntu-ports jammy/main arm64 cpp-11 arm64 11.2.0-19ubuntu1 [9692 kB]
Get:39 http://ports.ubuntu.com/ubuntu-ports jammy/main arm64 cpp arm64 4:11.2.0-1ubuntu1 [27.7 kB]
Get:40 http://ports.ubuntu.com/ubuntu-ports jammy/main arm64 libcc1-0 arm64 12-20220319-1ubuntu1 [45.0 kB]
Get:41 http://ports.ubuntu.com/ubuntu-ports jammy/main arm64 libgomp1 arm64 12-20220319-1ubuntu1 [124 kB]
Get:42 http://ports.ubuntu.com/ubuntu-ports jammy/main arm64 libitm1 arm64 12-20220319-1ubuntu1 [28.4 kB]
Get:43 http://ports.ubuntu.com/ubuntu-ports jammy/main arm64 libatomic1 arm64 12-20220319-1ubuntu1 [10.8 kB]
Get:44 http://ports.ubuntu.com/ubuntu-ports jammy/main arm64 libasan6 arm64 11.2.0-19ubuntu1 [2229 kB]
Get:45 http://ports.ubuntu.com/ubuntu-ports jammy/main arm64 liblsan0 arm64 12-20220319-1ubuntu1 [1034 kB]
Get:46 http://ports.ubuntu.com/ubuntu-ports jammy/main arm64 libtsan0 arm64 11.2.0-19ubuntu1 [2235 kB]
Get:47 http://ports.ubuntu.com/ubuntu-ports jammy/main arm64 libubsan1 arm64 12-20220319-1ubuntu1 [964 kB]
Get:48 http://ports.ubuntu.com/ubuntu-ports jammy/main arm64 libhwasan0 arm64 12-20220319-1ubuntu1 [1118 kB]
Get:49 http://ports.ubuntu.com/ubuntu-ports jammy/main arm64 libgcc-11-dev arm64 11.2.0-19ubuntu1 [1151 kB]
Get:50 http://ports.ubuntu.com/ubuntu-ports jammy/main arm64 gcc-11 arm64 11.2.0-19ubuntu1 [19.4 MB]
Get:51 http://ports.ubuntu.com/ubuntu-ports jammy/main arm64 gcc arm64 4:11.2.0-1ubuntu1 [5128 B]
Get:52 http://ports.ubuntu.com/ubuntu-ports jammy/main arm64 libstdc++-11-dev arm64 11.2.0-19ubuntu1 [2070 kB]
Get:53 http://ports.ubuntu.com/ubuntu-ports jammy/main arm64 g++-11 arm64 11.2.0-19ubuntu1 [11.1 MB]
Get:54 http://ports.ubuntu.com/ubuntu-ports jammy/main arm64 g++ arm64 4:11.2.0-1ubuntu1 [1394 B]
Get:55 http://ports.ubuntu.com/ubuntu-ports jammy/main arm64 make arm64 4.3-4.1build1 [177 kB]
Get:56 http://ports.ubuntu.com/ubuntu-ports jammy/main arm64 libdpkg-perl all 1.21.1ubuntu2 [236 kB]
Get:57 http://ports.ubuntu.com/ubuntu-ports jammy/main arm64 bzip2 arm64 1.0.8-5build1 [34.6 kB]
Get:58 http://ports.ubuntu.com/ubuntu-ports jammy/main arm64 lto-disabled-list all 24 [12.5 kB]
Get:59 http://ports.ubuntu.com/ubuntu-ports jammy/main arm64 dpkg-dev all 1.21.1ubuntu2 [922 kB]
Get:60 http://ports.ubuntu.com/ubuntu-ports jammy/main arm64 build-essential arm64 12.9ubuntu3 [4740 B]
Get:61 http://ports.ubuntu.com/ubuntu-ports jammy/main arm64 libdebhelper-perl all 13.6ubuntu1 [67.2 kB]
Get:62 http://ports.ubuntu.com/ubuntu-ports jammy/main arm64 libtool all 2.4.6-15build2 [164 kB]
Get:63 http://ports.ubuntu.com/ubuntu-ports jammy/main arm64 dh-autoreconf all 20 [16.1 kB]
Get:64 http://ports.ubuntu.com/ubuntu-ports jammy/main arm64 libarchive-zip-perl all 1.68-1 [90.2 kB]
Get:65 http://ports.ubuntu.com/ubuntu-ports jammy/main arm64 libsub-override-perl all 0.09-2 [9532 B]
Get:66 http://ports.ubuntu.com/ubuntu-ports jammy/main arm64 libfile-stripnondeterminism-perl all 1.13.0-1 [18.1 kB]
Get:67 http://ports.ubuntu.com/ubuntu-ports jammy/main arm64 dh-strip-nondeterminism all 1.13.0-1 [5344 B]
Get:68 http://ports.ubuntu.com/ubuntu-ports jammy/main arm64 libdw1 arm64 0.186-1build1 [246 kB]
Get:69 http://ports.ubuntu.com/ubuntu-ports jammy/main arm64 debugedit arm64 1:5.0-4build1 [46.5 kB]
Get:70 http://ports.ubuntu.com/ubuntu-ports jammy/main arm64 dwz arm64 0.14-1build2 [102 kB]
Get:71 http://ports.ubuntu.com/ubuntu-ports jammy/main arm64 gettext arm64 0.21-4ubuntu4 [846 kB]
Get:72 http://ports.ubuntu.com/ubuntu-ports jammy/main arm64 intltool-debian all 0.35.0+20060710.5 [24.9 kB]
Get:73 http://ports.ubuntu.com/ubuntu-ports jammy/main arm64 po-debconf all 1.0.21+nmu1 [233 kB]
Get:74 http://ports.ubuntu.com/ubuntu-ports jammy/main arm64 debhelper all 13.6ubuntu1 [923 kB]
Get:75 http://ports.ubuntu.com/ubuntu-ports jammy/main arm64 xml-core all 0.18+nmu1 [21.6 kB]
Get:76 http://ports.ubuntu.com/ubuntu-ports jammy/main arm64 sgml-data all 2.0.11+nmu1 [171 kB]
Get:77 http://ports.ubuntu.com/ubuntu-ports jammy/main arm64 docbook-xml all 4.5-11 [74.8 kB]
Get:78 http://ports.ubuntu.com/ubuntu-ports jammy/universe arm64 docbook-xsl all 1.79.2+dfsg-1 [1063 kB]
Get:79 http://ports.ubuntu.com/ubuntu-ports jammy/main arm64 libpolkit-gobject-1-0 arm64 0.105-33 [42.4 kB]
Get:80 http://ports.ubuntu.com/ubuntu-ports jammy/main arm64 libpolkit-agent-1-0 arm64 0.105-33 [16.0 kB]
Get:81 http://ports.ubuntu.com/ubuntu-ports jammy/main arm64 gir1.2-polkit-1.0 arm64 0.105-33 [7758 B]
Get:82 http://ports.ubuntu.com/ubuntu-ports jammy/main arm64 gnu-efi arm64 3.0.13+git20210716.269ef9d-2ubuntu1 [98.8 kB]
Get:83 http://ports.ubuntu.com/ubuntu-ports jammy/universe arm64 gperf arm64 3.1-1build1 [99.9 kB]
Get:84 http://ports.ubuntu.com/ubuntu-ports jammy/main arm64 libbz2-dev arm64 1.0.8-5build1 [34.5 kB]
Get:85 http://ports.ubuntu.com/ubuntu-ports jammy/main arm64 libcap-dev arm64 1:2.44-1build3 [40.2 kB]
Get:86 http://ports.ubuntu.com/ubuntu-ports jammy/main arm64 libcap-ng-dev arm64 0.7.9-2.2build3 [23.4 kB]
Get:87 http://ports.ubuntu.com/ubuntu-ports jammy/main arm64 libcryptsetup-dev arm64 2:2.4.3-1ubuntu1 [22.9 kB]
Get:88 http://ports.ubuntu.com/ubuntu-ports jammy-updates/main arm64 libcurl4-gnutls-dev arm64 7.81.0-1ubuntu1.2 [383 kB]
Get:89 http://ports.ubuntu.com/ubuntu-ports jammy/main arm64 pkg-config arm64 0.29.2-1ubuntu3 [47.4 kB]
Get:90 http://ports.ubuntu.com/ubuntu-ports jammy/main arm64 libdbus-1-dev arm64 1.12.20-2ubuntu4 [192 kB]
Get:91 http://ports.ubuntu.com/ubuntu-ports jammy/main arm64 zlib1g-dev arm64 1:1.2.11.dfsg-2ubuntu9 [163 kB]
Get:92 http://ports.ubuntu.com/ubuntu-ports jammy/main arm64 libelf-dev arm64 0.186-1build1 [65.8 kB]
Get:93 http://ports.ubuntu.com/ubuntu-ports jammy/main arm64 liblzma-dev arm64 5.2.5-2ubuntu1 [159 kB]
Get:94 http://ports.ubuntu.com/ubuntu-ports jammy/main arm64 libdw-dev arm64 0.186-1build1 [322 kB]
Get:95 http://ports.ubuntu.com/ubuntu-ports jammy/main arm64 libevent-2.1-7 arm64 2.1.12-stable-1build3 [141 kB]
Get:96 http://ports.ubuntu.com/ubuntu-ports jammy/main arm64 libgpg-error-dev arm64 1.43-3 [129 kB]
Get:97 http://ports.ubuntu.com/ubuntu-ports jammy/main arm64 libgcrypt20-dev arm64 1.9.4-3ubuntu3 [522 kB]
Get:98 http://ports.ubuntu.com/ubuntu-ports jammy/main arm64 libglib2.0-bin arm64 2.72.1-1 [79.5 kB]
Get:99 http://ports.ubuntu.com/ubuntu-ports jammy/main arm64 libffi-dev arm64 3.4.2-4 [61.0 kB]
Get:100 http://ports.ubuntu.com/ubuntu-ports jammy/main arm64 python3-lib2to3 all 3.10.4-0ubuntu1 [76.2 kB]
Get:101 http://ports.ubuntu.com/ubuntu-ports jammy/main arm64 python3-distutils all 3.10.4-0ubuntu1 [138 kB]
Get:102 http://ports.ubuntu.com/ubuntu-ports jammy/main arm64 libglib2.0-dev-bin arm64 2.72.1-1 [116 kB]
Get:103 http://ports.ubuntu.com/ubuntu-ports jammy/main arm64 uuid-dev arm64 2.37.2-4ubuntu3 [33.9 kB]
Get:104 http://ports.ubuntu.com/ubuntu-ports jammy/main arm64 libblkid-dev arm64 2.37.2-4ubuntu3 [197 kB]
Get:105 http://ports.ubuntu.com/ubuntu-ports jammy/main arm64 libsepol-dev arm64 3.3-1build1 [387 kB]
Get:106 http://ports.ubuntu.com/ubuntu-ports jammy/main arm64 libpcre2-16-0 arm64 10.39-3build1 [184 kB]
Get:107 http://ports.ubuntu.com/ubuntu-ports jammy/main arm64 libpcre2-32-0 arm64 10.39-3build1 [176 kB]
Get:108 http://ports.ubuntu.com/ubuntu-ports jammy/main arm64 libpcre2-posix3 arm64 10.39-3build1 [5962 B]
Get:109 http://ports.ubuntu.com/ubuntu-ports jammy/main arm64 libpcre2-dev arm64 10.39-3build1 [662 kB]
Get:110 http://ports.ubuntu.com/ubuntu-ports jammy/main arm64 libselinux1-dev arm64 3.3-1build2 [164 kB]
Get:111 http://ports.ubuntu.com/ubuntu-ports jammy/main arm64 libmount-dev arm64 2.37.2-4ubuntu3 [14.5 kB]
Get:112 http://ports.ubuntu.com/ubuntu-ports jammy-updates/main arm64 libpcre16-3 arm64 2:8.39-13ubuntu0.22.04.1 [150 kB]
Get:113 http://ports.ubuntu.com/ubuntu-ports jammy-updates/main arm64 libpcre32-3 arm64 2:8.39-13ubuntu0.22.04.1 [141 kB]
Get:114 http://ports.ubuntu.com/ubuntu-ports jammy-updates/main arm64 libpcrecpp0v5 arm64 2:8.39-13ubuntu0.22.04.1 [16.1 kB]
Get:115 http://ports.ubuntu.com/ubuntu-ports jammy-updates/main arm64 libpcre3-dev arm64 2:8.39-13ubuntu0.22.04.1 [527 kB]
Get:116 http://ports.ubuntu.com/ubuntu-ports jammy/main arm64 libglib2.0-dev arm64 2.72.1-1 [1821 kB]
Get:117 http://ports.ubuntu.com/ubuntu-ports jammy/main arm64 libgmpxx4ldbl arm64 2:6.2.1+dfsg-3ubuntu1 [9524 B]
Get:118 http://ports.ubuntu.com/ubuntu-ports jammy/main arm64 libgmp-dev arm64 2:6.2.1+dfsg-3ubuntu1 [329 kB]
Get:119 http://ports.ubuntu.com/ubuntu-ports jammy/main arm64 libgnutls-openssl27 arm64 3.7.3-4ubuntu1 [22.3 kB]
Get:120 http://ports.ubuntu.com/ubuntu-ports jammy/main arm64 libunbound8 arm64 1.13.1-1ubuntu5 [379 kB]
Get:121 http://ports.ubuntu.com/ubuntu-ports jammy/main arm64 libgnutls-dane0 arm64 3.7.3-4ubuntu1 [22.5 kB]
Get:122 http://ports.ubuntu.com/ubuntu-ports jammy/main arm64 libgnutlsxx28 arm64 3.7.3-4ubuntu1 [14.6 kB]
Get:123 http://ports.ubuntu.com/ubuntu-ports jammy/main arm64 libidn2-dev arm64 2.3.2-2build1 [85.8 kB]
Get:124 http://ports.ubuntu.com/ubuntu-ports jammy/main arm64 libp11-kit-dev arm64 0.24.0-6build1 [20.2 kB]
Get:125 http://ports.ubuntu.com/ubuntu-ports jammy/main arm64 libtasn1-6-dev arm64 4.18.0-4build1 [90.8 kB]
Get:126 http://ports.ubuntu.com/ubuntu-ports jammy/main arm64 nettle-dev arm64 3.7.3-1build2 [1148 kB]
Get:127 http://ports.ubuntu.com/ubuntu-ports jammy/main arm64 libgnutls28-dev arm64 3.7.3-4ubuntu1 [1121 kB]
Get:128 http://ports.ubuntu.com/ubuntu-ports jammy/main arm64 libip4tc-dev arm64 1.8.7-1ubuntu5 [6530 B]
Get:129 http://ports.ubuntu.com/ubuntu-ports jammy/main arm64 libip6tc-dev arm64 1.8.7-1ubuntu5 [5854 B]
Get:130 http://ports.ubuntu.com/ubuntu-ports jammy/main arm64 libiptc-dev arm64 1.8.7-1ubuntu5 [4366 B]
Get:131 http://ports.ubuntu.com/ubuntu-ports jammy/main arm64 libkmod-dev arm64 29-1ubuntu1 [22.7 kB]
Get:132 http://ports.ubuntu.com/ubuntu-ports jammy/universe arm64 libmicrohttpd12 arm64 0.9.75-3ubuntu1 [74.9 kB]
Get:133 http://ports.ubuntu.com/ubuntu-ports jammy/universe arm64 libmicrohttpd-dev arm64 0.9.75-3ubuntu1 [251 kB]
Get:134 http://ports.ubuntu.com/ubuntu-ports jammy/main arm64 libpam0g-dev arm64 1.4.0-11ubuntu2 [117 kB]
Get:135 http://ports.ubuntu.com/ubuntu-ports jammy/main arm64 libpolkit-gobject-1-dev arm64 0.105-33 [68.1 kB]
Get:136 http://ports.ubuntu.com/ubuntu-ports jammy/main arm64 libseccomp-dev arm64 2.5.3-2ubuntu2 [93.1 kB]
Get:137 http://ports.ubuntu.com/ubuntu-ports jammy/main arm64 libxslt1.1 arm64 1.1.34-4build2 [161 kB]
Get:138 http://ports.ubuntu.com/ubuntu-ports jammy/main arm64 libzstd-dev arm64 1.4.8+dfsg-3build1 [392 kB]
Get:139 http://ports.ubuntu.com/ubuntu-ports jammy/main arm64 linux-base all 4.5ubuntu9 [17.8 kB]
Get:140 http://ports.ubuntu.com/ubuntu-ports jammy/main arm64 lz4 arm64 1.9.3-2build2 [90.5 kB]
Get:141 http://ports.ubuntu.com/ubuntu-ports jammy/universe arm64 ninja-build arm64 1.10.1-1 [105 kB]
Get:142 http://ports.ubuntu.com/ubuntu-ports jammy/universe arm64 meson all 0.61.2-1 [519 kB]
Get:143 http://ports.ubuntu.com/ubuntu-ports jammy/main arm64 python-babel-localedata all 2.8.0+dfsg.1-7 [4982 kB]
Get:144 http://ports.ubuntu.com/ubuntu-ports jammy/main arm64 python3-tz all 2022.1-1 [33.3 kB]
Get:145 http://ports.ubuntu.com/ubuntu-ports jammy/main arm64 python3-babel all 2.8.0+dfsg.1-7 [85.1 kB]
Get:146 http://ports.ubuntu.com/ubuntu-ports jammy/universe arm64 python3-evdev arm64 1.4.0+dfsg-1build2 [38.4 kB]
Get:147 http://ports.ubuntu.com/ubuntu-ports jammy/main arm64 python3-markupsafe arm64 2.0.1-2build1 [12.7 kB]
Get:148 http://ports.ubuntu.com/ubuntu-ports jammy/main arm64 python3-jinja2 all 3.0.3-1 [108 kB]
Get:149 http://ports.ubuntu.com/ubuntu-ports jammy/main arm64 python3-lxml arm64 4.8.0-1build1 [1108 kB]
Get:150 http://ports.ubuntu.com/ubuntu-ports jammy/main arm64 python3-pyparsing all 2.4.7-1 [61.4 kB]
Get:151 http://ports.ubuntu.com/ubuntu-ports jammy/main arm64 xsltproc arm64 1.1.34-4build2 [14.8 kB]
Get:152 http://ports.ubuntu.com/ubuntu-ports jammy/main arm64 zstd arm64 1.4.8+dfsg-3build1 [587 kB]
Get:153 http://ports.ubuntu.com/ubuntu-ports jammy/main arm64 libattr1-dev arm64 1:2.5.1-1build1 [23.8 kB]
Get:154 http://ports.ubuntu.com/ubuntu-ports jammy/main arm64 libacl1-dev arm64 2.3.1-1 [77.9 kB]
Get:155 http://ports.ubuntu.com/ubuntu-ports jammy/main arm64 libapparmor-dev arm64 3.0.4-2ubuntu2 [80.4 kB]
Get:156 http://ports.ubuntu.com/ubuntu-ports jammy/main arm64 libaudit-dev arm64 1:3.0.7-1build1 [79.2 kB]
Get:157 http://ports.ubuntu.com/ubuntu-ports jammy/main arm64 liblz4-dev arm64 1.9.3-2build2 [82.1 kB]
Get:158 http://ports.ubuntu.com/ubuntu-ports jammy/universe arm64 liblz4-tool all 1.9.3-2build2 [2342 B]
Preconfiguring packages ...
Fetched 90.4 MB in 20s (4430 kB/s)
Selecting previously unselected package libmpfr6:arm64.
(Reading database ... 16695 files and directories currently installed.)
Preparing to unpack .../libmpfr6_4.1.0-3build3_arm64.deb ...
Unpacking libmpfr6:arm64 (4.1.0-3build3) ...
Selecting previously unselected package libsigsegv2:arm64.
Preparing to unpack .../libsigsegv2_2.13-1ubuntu3_arm64.deb ...
Unpacking libsigsegv2:arm64 (2.13-1ubuntu3) ...
Setting up libmpfr6:arm64 (4.1.0-3build3) ...
Setting up libsigsegv2:arm64 (2.13-1ubuntu3) ...
Selecting previously unselected package gawk.
(Reading database ... 16712 files and directories currently installed.)
Preparing to unpack .../000-gawk_1%3a5.1.0-1build3_arm64.deb ...
Unpacking gawk (1:5.1.0-1build3) ...
Selecting previously unselected package sgml-base.
Preparing to unpack .../001-sgml-base_1.30_all.deb ...
Unpacking sgml-base (1.30) ...
Selecting previously unselected package bsdextrautils.
Preparing to unpack .../002-bsdextrautils_2.37.2-4ubuntu3_arm64.deb ...
Unpacking bsdextrautils (2.37.2-4ubuntu3) ...
Selecting previously unselected package libmagic-mgc.
Preparing to unpack .../003-libmagic-mgc_1%3a5.41-3_arm64.deb ...
Unpacking libmagic-mgc (1:5.41-3) ...
Selecting previously unselected package libmagic1:arm64.
Preparing to unpack .../004-libmagic1_1%3a5.41-3_arm64.deb ...
Unpacking libmagic1:arm64 (1:5.41-3) ...
Selecting previously unselected package file.
Preparing to unpack .../005-file_1%3a5.41-3_arm64.deb ...
Unpacking file (1:5.41-3) ...
Selecting previously unselected package gettext-base.
Preparing to unpack .../006-gettext-base_0.21-4ubuntu4_arm64.deb ...
Unpacking gettext-base (0.21-4ubuntu4) ...
Selecting previously unselected package libuchardet0:arm64.
Preparing to unpack .../007-libuchardet0_0.0.7-1build2_arm64.deb ...
Unpacking libuchardet0:arm64 (0.0.7-1build2) ...
Selecting previously unselected package groff-base.
Preparing to unpack .../008-groff-base_1.22.4-8build1_arm64.deb ...
Unpacking groff-base (1.22.4-8build1) ...
Selecting previously unselected package libip6tc2:arm64.
Preparing to unpack .../009-libip6tc2_1.8.7-1ubuntu5_arm64.deb ...
Unpacking libip6tc2:arm64 (1.8.7-1ubuntu5) ...
Selecting previously unselected package libpipeline1:arm64.
Preparing to unpack .../010-libpipeline1_1.5.5-1_arm64.deb ...
Unpacking libpipeline1:arm64 (1.5.5-1) ...
Selecting previously unselected package man-db.
Preparing to unpack .../011-man-db_2.10.2-1_arm64.deb ...
Unpacking man-db (2.10.2-1) ...
Selecting previously unselected package xz-utils.
Preparing to unpack .../012-xz-utils_5.2.5-2ubuntu1_arm64.deb ...
Unpacking xz-utils (5.2.5-2ubuntu1) ...
Selecting previously unselected package acl.
Preparing to unpack .../013-acl_2.3.1-1_arm64.deb ...
Unpacking acl (2.3.1-1) ...
Selecting previously unselected package m4.
Preparing to unpack .../014-m4_1.4.18-5ubuntu2_arm64.deb ...
Unpacking m4 (1.4.18-5ubuntu2) ...
Selecting previously unselected package autoconf.
Preparing to unpack .../015-autoconf_2.71-2_all.deb ...
Unpacking autoconf (2.71-2) ...
Selecting previously unselected package autotools-dev.
Preparing to unpack .../016-autotools-dev_20220109.1_all.deb ...
Unpacking autotools-dev (20220109.1) ...
Selecting previously unselected package automake.
Preparing to unpack .../017-automake_1%3a1.16.5-1.3_all.deb ...
Unpacking automake (1:1.16.5-1.3) ...
Selecting previously unselected package autopoint.
Preparing to unpack .../018-autopoint_0.21-4ubuntu4_all.deb ...
Unpacking autopoint (0.21-4ubuntu4) ...
Selecting previously unselected package binutils-common:arm64.
Preparing to unpack .../019-binutils-common_2.38-3ubuntu1_arm64.deb ...
Unpacking binutils-common:arm64 (2.38-3ubuntu1) ...
Selecting previously unselected package libbinutils:arm64.
Preparing to unpack .../020-libbinutils_2.38-3ubuntu1_arm64.deb ...
Unpacking libbinutils:arm64 (2.38-3ubuntu1) ...
Selecting previously unselected package libctf-nobfd0:arm64.
Preparing to unpack .../021-libctf-nobfd0_2.38-3ubuntu1_arm64.deb ...
Unpacking libctf-nobfd0:arm64 (2.38-3ubuntu1) ...
Selecting previously unselected package libctf0:arm64.
Preparing to unpack .../022-libctf0_2.38-3ubuntu1_arm64.deb ...
Unpacking libctf0:arm64 (2.38-3ubuntu1) ...
Selecting previously unselected package binutils-aarch64-linux-gnu.
Preparing to unpack .../023-binutils-aarch64-linux-gnu_2.38-3ubuntu1_arm64.deb ...
Unpacking binutils-aarch64-linux-gnu (2.38-3ubuntu1) ...
Selecting previously unselected package binutils.
Preparing to unpack .../024-binutils_2.38-3ubuntu1_arm64.deb ...
Unpacking binutils (2.38-3ubuntu1) ...
Selecting previously unselected package libc-dev-bin.
Preparing to unpack .../025-libc-dev-bin_2.35-0ubuntu3_arm64.deb ...
Unpacking libc-dev-bin (2.35-0ubuntu3) ...
Selecting previously unselected package linux-libc-dev:arm64.
Preparing to unpack .../026-linux-libc-dev_5.15.0-30.31_arm64.deb ...
Unpacking linux-libc-dev:arm64 (5.15.0-30.31) ...
Selecting previously unselected package libcrypt-dev:arm64.
Preparing to unpack .../027-libcrypt-dev_1%3a4.4.27-1_arm64.deb ...
Unpacking libcrypt-dev:arm64 (1:4.4.27-1) ...
Selecting previously unselected package rpcsvc-proto.
Preparing to unpack .../028-rpcsvc-proto_1.4.2-0ubuntu6_arm64.deb ...
Unpacking rpcsvc-proto (1.4.2-0ubuntu6) ...
Selecting previously unselected package libtirpc-dev:arm64.
Preparing to unpack .../029-libtirpc-dev_1.3.2-2build1_arm64.deb ...
Unpacking libtirpc-dev:arm64 (1.3.2-2build1) ...
Selecting previously unselected package libnsl-dev:arm64.
Preparing to unpack .../030-libnsl-dev_1.3.0-2build2_arm64.deb ...
Unpacking libnsl-dev:arm64 (1.3.0-2build2) ...
Selecting previously unselected package libc6-dev:arm64.
Preparing to unpack .../031-libc6-dev_2.35-0ubuntu3_arm64.deb ...
Unpacking libc6-dev:arm64 (2.35-0ubuntu3) ...
Selecting previously unselected package gcc-11-base:arm64.
Preparing to unpack .../032-gcc-11-base_11.2.0-19ubuntu1_arm64.deb ...
Unpacking gcc-11-base:arm64 (11.2.0-19ubuntu1) ...
Selecting previously unselected package libisl23:arm64.
Preparing to unpack .../033-libisl23_0.24-2build1_arm64.deb ...
Unpacking libisl23:arm64 (0.24-2build1) ...
Selecting previously unselected package libmpc3:arm64.
Preparing to unpack .../034-libmpc3_1.2.1-2build1_arm64.deb ...
Unpacking libmpc3:arm64 (1.2.1-2build1) ...
Selecting previously unselected package cpp-11.
Preparing to unpack .../035-cpp-11_11.2.0-19ubuntu1_arm64.deb ...
Unpacking cpp-11 (11.2.0-19ubuntu1) ...
Selecting previously unselected package cpp.
Preparing to unpack .../036-cpp_4%3a11.2.0-1ubuntu1_arm64.deb ...
Unpacking cpp (4:11.2.0-1ubuntu1) ...
Selecting previously unselected package libcc1-0:arm64.
Preparing to unpack .../037-libcc1-0_12-20220319-1ubuntu1_arm64.deb ...
Unpacking libcc1-0:arm64 (12-20220319-1ubuntu1) ...
Selecting previously unselected package libgomp1:arm64.
Preparing to unpack .../038-libgomp1_12-20220319-1ubuntu1_arm64.deb ...
Unpacking libgomp1:arm64 (12-20220319-1ubuntu1) ...
Selecting previously unselected package libitm1:arm64.
Preparing to unpack .../039-libitm1_12-20220319-1ubuntu1_arm64.deb ...
Unpacking libitm1:arm64 (12-20220319-1ubuntu1) ...
Selecting previously unselected package libatomic1:arm64.
Preparing to unpack .../040-libatomic1_12-20220319-1ubuntu1_arm64.deb ...
Unpacking libatomic1:arm64 (12-20220319-1ubuntu1) ...
Selecting previously unselected package libasan6:arm64.
Preparing to unpack .../041-libasan6_11.2.0-19ubuntu1_arm64.deb ...
Unpacking libasan6:arm64 (11.2.0-19ubuntu1) ...
Selecting previously unselected package liblsan0:arm64.
Preparing to unpack .../042-liblsan0_12-20220319-1ubuntu1_arm64.deb ...
Unpacking liblsan0:arm64 (12-20220319-1ubuntu1) ...
Selecting previously unselected package libtsan0:arm64.
Preparing to unpack .../043-libtsan0_11.2.0-19ubuntu1_arm64.deb ...
Unpacking libtsan0:arm64 (11.2.0-19ubuntu1) ...
Selecting previously unselected package libubsan1:arm64.
Preparing to unpack .../044-libubsan1_12-20220319-1ubuntu1_arm64.deb ...
Unpacking libubsan1:arm64 (12-20220319-1ubuntu1) ...
Selecting previously unselected package libhwasan0:arm64.
Preparing to unpack .../045-libhwasan0_12-20220319-1ubuntu1_arm64.deb ...
Unpacking libhwasan0:arm64 (12-20220319-1ubuntu1) ...
Selecting previously unselected package libgcc-11-dev:arm64.
Preparing to unpack .../046-libgcc-11-dev_11.2.0-19ubuntu1_arm64.deb ...
Unpacking libgcc-11-dev:arm64 (11.2.0-19ubuntu1) ...
Selecting previously unselected package gcc-11.
Preparing to unpack .../047-gcc-11_11.2.0-19ubuntu1_arm64.deb ...
Unpacking gcc-11 (11.2.0-19ubuntu1) ...
Selecting previously unselected package gcc.
Preparing to unpack .../048-gcc_4%3a11.2.0-1ubuntu1_arm64.deb ...
Unpacking gcc (4:11.2.0-1ubuntu1) ...
Selecting previously unselected package libstdc++-11-dev:arm64.
Preparing to unpack .../049-libstdc++-11-dev_11.2.0-19ubuntu1_arm64.deb ...
Unpacking libstdc++-11-dev:arm64 (11.2.0-19ubuntu1) ...
Selecting previously unselected package g++-11.
Preparing to unpack .../050-g++-11_11.2.0-19ubuntu1_arm64.deb ...
Unpacking g++-11 (11.2.0-19ubuntu1) ...
Selecting previously unselected package g++.
Preparing to unpack .../051-g++_4%3a11.2.0-1ubuntu1_arm64.deb ...
Unpacking g++ (4:11.2.0-1ubuntu1) ...
Selecting previously unselected package make.
Preparing to unpack .../052-make_4.3-4.1build1_arm64.deb ...
Unpacking make (4.3-4.1build1) ...
Selecting previously unselected package libdpkg-perl.
Preparing to unpack .../053-libdpkg-perl_1.21.1ubuntu2_all.deb ...
Unpacking libdpkg-perl (1.21.1ubuntu2) ...
Selecting previously unselected package bzip2.
Preparing to unpack .../054-bzip2_1.0.8-5build1_arm64.deb ...
Unpacking bzip2 (1.0.8-5build1) ...
Selecting previously unselected package lto-disabled-list.
Preparing to unpack .../055-lto-disabled-list_24_all.deb ...
Unpacking lto-disabled-list (24) ...
Selecting previously unselected package dpkg-dev.
Preparing to unpack .../056-dpkg-dev_1.21.1ubuntu2_all.deb ...
Unpacking dpkg-dev (1.21.1ubuntu2) ...
Selecting previously unselected package build-essential.
Preparing to unpack .../057-build-essential_12.9ubuntu3_arm64.deb ...
Unpacking build-essential (12.9ubuntu3) ...
Selecting previously unselected package libdebhelper-perl.
Preparing to unpack .../058-libdebhelper-perl_13.6ubuntu1_all.deb ...
Unpacking libdebhelper-perl (13.6ubuntu1) ...
Selecting previously unselected package libtool.
Preparing to unpack .../059-libtool_2.4.6-15build2_all.deb ...
Unpacking libtool (2.4.6-15build2) ...
Selecting previously unselected package dh-autoreconf.
Preparing to unpack .../060-dh-autoreconf_20_all.deb ...
Unpacking dh-autoreconf (20) ...
Selecting previously unselected package libarchive-zip-perl.
Preparing to unpack .../061-libarchive-zip-perl_1.68-1_all.deb ...
Unpacking libarchive-zip-perl (1.68-1) ...
Selecting previously unselected package libsub-override-perl.
Preparing to unpack .../062-libsub-override-perl_0.09-2_all.deb ...
Unpacking libsub-override-perl (0.09-2) ...
Selecting previously unselected package libfile-stripnondeterminism-perl.
Preparing to unpack .../063-libfile-stripnondeterminism-perl_1.13.0-1_all.deb ...
Unpacking libfile-stripnondeterminism-perl (1.13.0-1) ...
Selecting previously unselected package dh-strip-nondeterminism.
Preparing to unpack .../064-dh-strip-nondeterminism_1.13.0-1_all.deb ...
Unpacking dh-strip-nondeterminism (1.13.0-1) ...
Selecting previously unselected package libdw1:arm64.
Preparing to unpack .../065-libdw1_0.186-1build1_arm64.deb ...
Unpacking libdw1:arm64 (0.186-1build1) ...
Selecting previously unselected package debugedit.
Preparing to unpack .../066-debugedit_1%3a5.0-4build1_arm64.deb ...
Unpacking debugedit (1:5.0-4build1) ...
Selecting previously unselected package dwz.
Preparing to unpack .../067-dwz_0.14-1build2_arm64.deb ...
Unpacking dwz (0.14-1build2) ...
Selecting previously unselected package gettext.
Preparing to unpack .../068-gettext_0.21-4ubuntu4_arm64.deb ...
Unpacking gettext (0.21-4ubuntu4) ...
Selecting previously unselected package intltool-debian.
Preparing to unpack .../069-intltool-debian_0.35.0+20060710.5_all.deb ...
Unpacking intltool-debian (0.35.0+20060710.5) ...
Selecting previously unselected package po-debconf.
Preparing to unpack .../070-po-debconf_1.0.21+nmu1_all.deb ...
Unpacking po-debconf (1.0.21+nmu1) ...
Selecting previously unselected package debhelper.
Preparing to unpack .../071-debhelper_13.6ubuntu1_all.deb ...
Unpacking debhelper (13.6ubuntu1) ...
Selecting previously unselected package xml-core.
Preparing to unpack .../072-xml-core_0.18+nmu1_all.deb ...
Unpacking xml-core (0.18+nmu1) ...
Selecting previously unselected package sgml-data.
Preparing to unpack .../073-sgml-data_2.0.11+nmu1_all.deb ...
Unpacking sgml-data (2.0.11+nmu1) ...
Selecting previously unselected package docbook-xml.
Preparing to unpack .../074-docbook-xml_4.5-11_all.deb ...
Unpacking docbook-xml (4.5-11) ...
Selecting previously unselected package docbook-xsl.
Preparing to unpack .../075-docbook-xsl_1.79.2+dfsg-1_all.deb ...
Unpacking docbook-xsl (1.79.2+dfsg-1) ...
Selecting previously unselected package libpolkit-gobject-1-0:arm64.
Preparing to unpack .../076-libpolkit-gobject-1-0_0.105-33_arm64.deb ...
Unpacking libpolkit-gobject-1-0:arm64 (0.105-33) ...
Selecting previously unselected package libpolkit-agent-1-0:arm64.
Preparing to unpack .../077-libpolkit-agent-1-0_0.105-33_arm64.deb ...
Unpacking libpolkit-agent-1-0:arm64 (0.105-33) ...
Selecting previously unselected package gir1.2-polkit-1.0.
Preparing to unpack .../078-gir1.2-polkit-1.0_0.105-33_arm64.deb ...
Unpacking gir1.2-polkit-1.0 (0.105-33) ...
Selecting previously unselected package gnu-efi.
Preparing to unpack .../079-gnu-efi_3.0.13+git20210716.269ef9d-2ubuntu1_arm64.deb ...
Unpacking gnu-efi (3.0.13+git20210716.269ef9d-2ubuntu1) ...
Selecting previously unselected package gperf.
Preparing to unpack .../080-gperf_3.1-1build1_arm64.deb ...
Unpacking gperf (3.1-1build1) ...
Selecting previously unselected package libbz2-dev:arm64.
Preparing to unpack .../081-libbz2-dev_1.0.8-5build1_arm64.deb ...
Unpacking libbz2-dev:arm64 (1.0.8-5build1) ...
Selecting previously unselected package libcap-dev:arm64.
Preparing to unpack .../082-libcap-dev_1%3a2.44-1build3_arm64.deb ...
Unpacking libcap-dev:arm64 (1:2.44-1build3) ...
Selecting previously unselected package libcap-ng-dev.
Preparing to unpack .../083-libcap-ng-dev_0.7.9-2.2build3_arm64.deb ...
Unpacking libcap-ng-dev (0.7.9-2.2build3) ...
Selecting previously unselected package libcryptsetup-dev:arm64.
Preparing to unpack .../084-libcryptsetup-dev_2%3a2.4.3-1ubuntu1_arm64.deb ...
Unpacking libcryptsetup-dev:arm64 (2:2.4.3-1ubuntu1) ...
Selecting previously unselected package libcurl4-gnutls-dev:arm64.
Preparing to unpack .../085-libcurl4-gnutls-dev_7.81.0-1ubuntu1.2_arm64.deb ...
Unpacking libcurl4-gnutls-dev:arm64 (7.81.0-1ubuntu1.2) ...
Selecting previously unselected package pkg-config.
Preparing to unpack .../086-pkg-config_0.29.2-1ubuntu3_arm64.deb ...
Unpacking pkg-config (0.29.2-1ubuntu3) ...
Selecting previously unselected package libdbus-1-dev:arm64.
Preparing to unpack .../087-libdbus-1-dev_1.12.20-2ubuntu4_arm64.deb ...
Unpacking libdbus-1-dev:arm64 (1.12.20-2ubuntu4) ...
Selecting previously unselected package zlib1g-dev:arm64.
Preparing to unpack .../088-zlib1g-dev_1%3a1.2.11.dfsg-2ubuntu9_arm64.deb ...
Unpacking zlib1g-dev:arm64 (1:1.2.11.dfsg-2ubuntu9) ...
Selecting previously unselected package libelf-dev:arm64.
Preparing to unpack .../089-libelf-dev_0.186-1build1_arm64.deb ...
Unpacking libelf-dev:arm64 (0.186-1build1) ...
Selecting previously unselected package liblzma-dev:arm64.
Preparing to unpack .../090-liblzma-dev_5.2.5-2ubuntu1_arm64.deb ...
Unpacking liblzma-dev:arm64 (5.2.5-2ubuntu1) ...
Selecting previously unselected package libdw-dev:arm64.
Preparing to unpack .../091-libdw-dev_0.186-1build1_arm64.deb ...
Unpacking libdw-dev:arm64 (0.186-1build1) ...
Selecting previously unselected package libevent-2.1-7:arm64.
Preparing to unpack .../092-libevent-2.1-7_2.1.12-stable-1build3_arm64.deb ...
Unpacking libevent-2.1-7:arm64 (2.1.12-stable-1build3) ...
Selecting previously unselected package libgpg-error-dev.
Preparing to unpack .../093-libgpg-error-dev_1.43-3_arm64.deb ...
Unpacking libgpg-error-dev (1.43-3) ...
Selecting previously unselected package libgcrypt20-dev.
Preparing to unpack .../094-libgcrypt20-dev_1.9.4-3ubuntu3_arm64.deb ...
Unpacking libgcrypt20-dev (1.9.4-3ubuntu3) ...
Selecting previously unselected package libglib2.0-bin.
Preparing to unpack .../095-libglib2.0-bin_2.72.1-1_arm64.deb ...
Unpacking libglib2.0-bin (2.72.1-1) ...
Selecting previously unselected package libffi-dev:arm64.
Preparing to unpack .../096-libffi-dev_3.4.2-4_arm64.deb ...
Unpacking libffi-dev:arm64 (3.4.2-4) ...
Selecting previously unselected package python3-lib2to3.
Preparing to unpack .../097-python3-lib2to3_3.10.4-0ubuntu1_all.deb ...
Unpacking python3-lib2to3 (3.10.4-0ubuntu1) ...
Selecting previously unselected package python3-distutils.
Preparing to unpack .../098-python3-distutils_3.10.4-0ubuntu1_all.deb ...
Unpacking python3-distutils (3.10.4-0ubuntu1) ...
Selecting previously unselected package libglib2.0-dev-bin.
Preparing to unpack .../099-libglib2.0-dev-bin_2.72.1-1_arm64.deb ...
Unpacking libglib2.0-dev-bin (2.72.1-1) ...
Selecting previously unselected package uuid-dev:arm64.
Preparing to unpack .../100-uuid-dev_2.37.2-4ubuntu3_arm64.deb ...
Unpacking uuid-dev:arm64 (2.37.2-4ubuntu3) ...
Selecting previously unselected package libblkid-dev:arm64.
Preparing to unpack .../101-libblkid-dev_2.37.2-4ubuntu3_arm64.deb ...
Unpacking libblkid-dev:arm64 (2.37.2-4ubuntu3) ...
Selecting previously unselected package libsepol-dev:arm64.
Preparing to unpack .../102-libsepol-dev_3.3-1build1_arm64.deb ...
Unpacking libsepol-dev:arm64 (3.3-1build1) ...
Selecting previously unselected package libpcre2-16-0:arm64.
Preparing to unpack .../103-libpcre2-16-0_10.39-3build1_arm64.deb ...
Unpacking libpcre2-16-0:arm64 (10.39-3build1) ...
Selecting previously unselected package libpcre2-32-0:arm64.
Preparing to unpack .../104-libpcre2-32-0_10.39-3build1_arm64.deb ...
Unpacking libpcre2-32-0:arm64 (10.39-3build1) ...
Selecting previously unselected package libpcre2-posix3:arm64.
Preparing to unpack .../105-libpcre2-posix3_10.39-3build1_arm64.deb ...
Unpacking libpcre2-posix3:arm64 (10.39-3build1) ...
Selecting previously unselected package libpcre2-dev:arm64.
Preparing to unpack .../106-libpcre2-dev_10.39-3build1_arm64.deb ...
Unpacking libpcre2-dev:arm64 (10.39-3build1) ...
Selecting previously unselected package libselinux1-dev:arm64.
Preparing to unpack .../107-libselinux1-dev_3.3-1build2_arm64.deb ...
Unpacking libselinux1-dev:arm64 (3.3-1build2) ...
Selecting previously unselected package libmount-dev:arm64.
Preparing to unpack .../108-libmount-dev_2.37.2-4ubuntu3_arm64.deb ...
Unpacking libmount-dev:arm64 (2.37.2-4ubuntu3) ...
Selecting previously unselected package libpcre16-3:arm64.
Preparing to unpack .../109-libpcre16-3_2%3a8.39-13ubuntu0.22.04.1_arm64.deb ...
Unpacking libpcre16-3:arm64 (2:8.39-13ubuntu0.22.04.1) ...
Selecting previously unselected package libpcre32-3:arm64.
Preparing to unpack .../110-libpcre32-3_2%3a8.39-13ubuntu0.22.04.1_arm64.deb ...
Unpacking libpcre32-3:arm64 (2:8.39-13ubuntu0.22.04.1) ...
Selecting previously unselected package libpcrecpp0v5:arm64.
Preparing to unpack .../111-libpcrecpp0v5_2%3a8.39-13ubuntu0.22.04.1_arm64.deb ...
Unpacking libpcrecpp0v5:arm64 (2:8.39-13ubuntu0.22.04.1) ...
Selecting previously unselected package libpcre3-dev:arm64.
Preparing to unpack .../112-libpcre3-dev_2%3a8.39-13ubuntu0.22.04.1_arm64.deb ...
Unpacking libpcre3-dev:arm64 (2:8.39-13ubuntu0.22.04.1) ...
Selecting previously unselected package libglib2.0-dev:arm64.
Preparing to unpack .../113-libglib2.0-dev_2.72.1-1_arm64.deb ...
Unpacking libglib2.0-dev:arm64 (2.72.1-1) ...
Selecting previously unselected package libgmpxx4ldbl:arm64.
Preparing to unpack .../114-libgmpxx4ldbl_2%3a6.2.1+dfsg-3ubuntu1_arm64.deb ...
Unpacking libgmpxx4ldbl:arm64 (2:6.2.1+dfsg-3ubuntu1) ...
Selecting previously unselected package libgmp-dev:arm64.
Preparing to unpack .../115-libgmp-dev_2%3a6.2.1+dfsg-3ubuntu1_arm64.deb ...
Unpacking libgmp-dev:arm64 (2:6.2.1+dfsg-3ubuntu1) ...
Selecting previously unselected package libgnutls-openssl27:arm64.
Preparing to unpack .../116-libgnutls-openssl27_3.7.3-4ubuntu1_arm64.deb ...
Unpacking libgnutls-openssl27:arm64 (3.7.3-4ubuntu1) ...
Selecting previously unselected package libunbound8:arm64.
Preparing to unpack .../117-libunbound8_1.13.1-1ubuntu5_arm64.deb ...
Unpacking libunbound8:arm64 (1.13.1-1ubuntu5) ...
Selecting previously unselected package libgnutls-dane0:arm64.
Preparing to unpack .../118-libgnutls-dane0_3.7.3-4ubuntu1_arm64.deb ...
Unpacking libgnutls-dane0:arm64 (3.7.3-4ubuntu1) ...
Selecting previously unselected package libgnutlsxx28:arm64.
Preparing to unpack .../119-libgnutlsxx28_3.7.3-4ubuntu1_arm64.deb ...
Unpacking libgnutlsxx28:arm64 (3.7.3-4ubuntu1) ...
Selecting previously unselected package libidn2-dev:arm64.
Preparing to unpack .../120-libidn2-dev_2.3.2-2build1_arm64.deb ...
Unpacking libidn2-dev:arm64 (2.3.2-2build1) ...
Selecting previously unselected package libp11-kit-dev:arm64.
Preparing to unpack .../121-libp11-kit-dev_0.24.0-6build1_arm64.deb ...
Unpacking libp11-kit-dev:arm64 (0.24.0-6build1) ...
Selecting previously unselected package libtasn1-6-dev:arm64.
Preparing to unpack .../122-libtasn1-6-dev_4.18.0-4build1_arm64.deb ...
Unpacking libtasn1-6-dev:arm64 (4.18.0-4build1) ...
Selecting previously unselected package nettle-dev:arm64.
Preparing to unpack .../123-nettle-dev_3.7.3-1build2_arm64.deb ...
Unpacking nettle-dev:arm64 (3.7.3-1build2) ...
Selecting previously unselected package libgnutls28-dev:arm64.
Preparing to unpack .../124-libgnutls28-dev_3.7.3-4ubuntu1_arm64.deb ...
Unpacking libgnutls28-dev:arm64 (3.7.3-4ubuntu1) ...
Selecting previously unselected package libip4tc-dev:arm64.
Preparing to unpack .../125-libip4tc-dev_1.8.7-1ubuntu5_arm64.deb ...
Unpacking libip4tc-dev:arm64 (1.8.7-1ubuntu5) ...
Selecting previously unselected package libip6tc-dev:arm64.
Preparing to unpack .../126-libip6tc-dev_1.8.7-1ubuntu5_arm64.deb ...
Unpacking libip6tc-dev:arm64 (1.8.7-1ubuntu5) ...
Selecting previously unselected package libiptc-dev:arm64.
Preparing to unpack .../127-libiptc-dev_1.8.7-1ubuntu5_arm64.deb ...
Unpacking libiptc-dev:arm64 (1.8.7-1ubuntu5) ...
Selecting previously unselected package libkmod-dev:arm64.
Preparing to unpack .../128-libkmod-dev_29-1ubuntu1_arm64.deb ...
Unpacking libkmod-dev:arm64 (29-1ubuntu1) ...
Selecting previously unselected package libmicrohttpd12:arm64.
Preparing to unpack .../129-libmicrohttpd12_0.9.75-3ubuntu1_arm64.deb ...
Unpacking libmicrohttpd12:arm64 (0.9.75-3ubuntu1) ...
Selecting previously unselected package libmicrohttpd-dev:arm64.
Preparing to unpack .../130-libmicrohttpd-dev_0.9.75-3ubuntu1_arm64.deb ...
Unpacking libmicrohttpd-dev:arm64 (0.9.75-3ubuntu1) ...
Selecting previously unselected package libpam0g-dev:arm64.
Preparing to unpack .../131-libpam0g-dev_1.4.0-11ubuntu2_arm64.deb ...
Unpacking libpam0g-dev:arm64 (1.4.0-11ubuntu2) ...
Selecting previously unselected package libpolkit-gobject-1-dev.
Preparing to unpack .../132-libpolkit-gobject-1-dev_0.105-33_arm64.deb ...
Unpacking libpolkit-gobject-1-dev (0.105-33) ...
Selecting previously unselected package libseccomp-dev:arm64.
Preparing to unpack .../133-libseccomp-dev_2.5.3-2ubuntu2_arm64.deb ...
Unpacking libseccomp-dev:arm64 (2.5.3-2ubuntu2) ...
Selecting previously unselected package libxslt1.1:arm64.
Preparing to unpack .../134-libxslt1.1_1.1.34-4build2_arm64.deb ...
Unpacking libxslt1.1:arm64 (1.1.34-4build2) ...
Selecting previously unselected package libzstd-dev:arm64.
Preparing to unpack .../135-libzstd-dev_1.4.8+dfsg-3build1_arm64.deb ...
Unpacking libzstd-dev:arm64 (1.4.8+dfsg-3build1) ...
Selecting previously unselected package linux-base.
Preparing to unpack .../136-linux-base_4.5ubuntu9_all.deb ...
Unpacking linux-base (4.5ubuntu9) ...
Selecting previously unselected package lz4.
Preparing to unpack .../137-lz4_1.9.3-2build2_arm64.deb ...
Unpacking lz4 (1.9.3-2build2) ...
Selecting previously unselected package ninja-build.
Preparing to unpack .../138-ninja-build_1.10.1-1_arm64.deb ...
Unpacking ninja-build (1.10.1-1) ...
Selecting previously unselected package meson.
Preparing to unpack .../139-meson_0.61.2-1_all.deb ...
Unpacking meson (0.61.2-1) ...
Selecting previously unselected package python-babel-localedata.
Preparing to unpack .../140-python-babel-localedata_2.8.0+dfsg.1-7_all.deb ...
Unpacking python-babel-localedata (2.8.0+dfsg.1-7) ...
Selecting previously unselected package python3-tz.
Preparing to unpack .../141-python3-tz_2022.1-1_all.deb ...
Unpacking python3-tz (2022.1-1) ...
Selecting previously unselected package python3-babel.
Preparing to unpack .../142-python3-babel_2.8.0+dfsg.1-7_all.deb ...
Unpacking python3-babel (2.8.0+dfsg.1-7) ...
Selecting previously unselected package python3-evdev.
Preparing to unpack .../143-python3-evdev_1.4.0+dfsg-1build2_arm64.deb ...
Unpacking python3-evdev (1.4.0+dfsg-1build2) ...
Selecting previously unselected package python3-markupsafe.
Preparing to unpack .../144-python3-markupsafe_2.0.1-2build1_arm64.deb ...
Unpacking python3-markupsafe (2.0.1-2build1) ...
Selecting previously unselected package python3-jinja2.
Preparing to unpack .../145-python3-jinja2_3.0.3-1_all.deb ...
Unpacking python3-jinja2 (3.0.3-1) ...
Selecting previously unselected package python3-lxml:arm64.
Preparing to unpack .../146-python3-lxml_4.8.0-1build1_arm64.deb ...
Unpacking python3-lxml:arm64 (4.8.0-1build1) ...
Selecting previously unselected package python3-pyparsing.
Preparing to unpack .../147-python3-pyparsing_2.4.7-1_all.deb ...
Unpacking python3-pyparsing (2.4.7-1) ...
Selecting previously unselected package xsltproc.
Preparing to unpack .../148-xsltproc_1.1.34-4build2_arm64.deb ...
Unpacking xsltproc (1.1.34-4build2) ...
Selecting previously unselected package zstd.
Preparing to unpack .../149-zstd_1.4.8+dfsg-3build1_arm64.deb ...
Unpacking zstd (1.4.8+dfsg-3build1) ...
Selecting previously unselected package libattr1-dev:arm64.
Preparing to unpack .../150-libattr1-dev_1%3a2.5.1-1build1_arm64.deb ...
Unpacking libattr1-dev:arm64 (1:2.5.1-1build1) ...
Selecting previously unselected package libacl1-dev:arm64.
Preparing to unpack .../151-libacl1-dev_2.3.1-1_arm64.deb ...
Unpacking libacl1-dev:arm64 (2.3.1-1) ...
Selecting previously unselected package libapparmor-dev:arm64.
Preparing to unpack .../152-libapparmor-dev_3.0.4-2ubuntu2_arm64.deb ...
Unpacking libapparmor-dev:arm64 (3.0.4-2ubuntu2) ...
Selecting previously unselected package libaudit-dev:arm64.
Preparing to unpack .../153-libaudit-dev_1%3a3.0.7-1build1_arm64.deb ...
Unpacking libaudit-dev:arm64 (1:3.0.7-1build1) ...
Selecting previously unselected package liblz4-dev:arm64.
Preparing to unpack .../154-liblz4-dev_1.9.3-2build2_arm64.deb ...
Unpacking liblz4-dev:arm64 (1.9.3-2build2) ...
Selecting previously unselected package liblz4-tool.
Preparing to unpack .../155-liblz4-tool_1.9.3-2build2_all.deb ...
Unpacking liblz4-tool (1.9.3-2build2) ...
Setting up libpcrecpp0v5:arm64 (2:8.39-13ubuntu0.22.04.1) ...
Setting up gnu-efi (3.0.13+git20210716.269ef9d-2ubuntu1) ...
Setting up libpipeline1:arm64 (1.5.5-1) ...
Setting up gcc-11-base:arm64 (11.2.0-19ubuntu1) ...
Setting up libdw1:arm64 (0.186-1build1) ...
Setting up libseccomp-dev:arm64 (2.5.3-2ubuntu2) ...
Setting up lto-disabled-list (24) ...
Setting up libgnutls-openssl27:arm64 (3.7.3-4ubuntu1) ...
Setting up linux-base (4.5ubuntu9) ...
Setting up libzstd-dev:arm64 (1.4.8+dfsg-3build1) ...
Setting up bsdextrautils (2.37.2-4ubuntu3) ...
update-alternatives: using /usr/bin/write.ul to provide /usr/bin/write (write) in auto mode
Setting up libpcre16-3:arm64 (2:8.39-13ubuntu0.22.04.1) ...
Setting up libcryptsetup-dev:arm64 (2:2.4.3-1ubuntu1) ...
Setting up libmagic-mgc (1:5.41-3) ...
Setting up gawk (1:5.1.0-1build3) ...
Setting up libarchive-zip-perl (1.68-1) ...
Setting up libip6tc2:arm64 (1.8.7-1ubuntu5) ...
Setting up libdebhelper-perl (13.6ubuntu1) ...
Setting up binutils-common:arm64 (2.38-3ubuntu1) ...
Setting up libmagic1:arm64 (1:5.41-3) ...
Setting up linux-libc-dev:arm64 (5.15.0-30.31) ...
Setting up libglib2.0-bin (2.72.1-1) ...
Setting up libctf-nobfd0:arm64 (2.38-3ubuntu1) ...
Setting up gettext-base (0.21-4ubuntu4) ...
Setting up m4 (1.4.18-5ubuntu2) ...
Setting up file (1:5.41-3) ...
Setting up libgomp1:arm64 (12-20220319-1ubuntu1) ...
Setting up libcurl4-gnutls-dev:arm64 (7.81.0-1ubuntu1.2) ...
Setting up bzip2 (1.0.8-5build1) ...
Setting up libffi-dev:arm64 (3.4.2-4) ...
Setting up python3-markupsafe (2.0.1-2build1) ...
Setting up gperf (3.1-1build1) ...
Setting up libmicrohttpd12:arm64 (0.9.75-3ubuntu1) ...
Setting up libpcre2-16-0:arm64 (10.39-3build1) ...
Setting up python3-tz (2022.1-1) ...
Setting up ninja-build (1.10.1-1) ...
Setting up python-babel-localedata (2.8.0+dfsg.1-7) ...
Setting up libasan6:arm64 (11.2.0-19ubuntu1) ...
Setting up acl (2.3.1-1) ...
Setting up autotools-dev (20220109.1) ...
Setting up libpcre2-32-0:arm64 (10.39-3build1) ...
Setting up libip4tc-dev:arm64 (1.8.7-1ubuntu5) ...
Setting up libtirpc-dev:arm64 (1.3.2-2build1) ...
Setting up libgmpxx4ldbl:arm64 (2:6.2.1+dfsg-3ubuntu1) ...
Setting up rpcsvc-proto (1.4.2-0ubuntu6) ...
Setting up python3-pyparsing (2.4.7-1) ...
Setting up make (4.3-4.1build1) ...
Setting up libgpg-error-dev (1.43-3) ...
Setting up xz-utils (5.2.5-2ubuntu1) ...
update-alternatives: using /usr/bin/xz to provide /usr/bin/lzma (lzma) in auto mode
Setting up libpcre32-3:arm64 (2:8.39-13ubuntu0.22.04.1) ...
Setting up libmpc3:arm64 (1.2.1-2build1) ...
Setting up libatomic1:arm64 (12-20220319-1ubuntu1) ...
Setting up libevent-2.1-7:arm64 (2.1.12-stable-1build3) ...
Setting up python3-evdev (1.4.0+dfsg-1build2) ...
Setting up autopoint (0.21-4ubuntu4) ...
Setting up liblz4-dev:arm64 (1.9.3-2build2) ...
Setting up libgnutlsxx28:arm64 (3.7.3-4ubuntu1) ...
Setting up libsepol-dev:arm64 (3.3-1build1) ...
Setting up libidn2-dev:arm64 (2.3.2-2build1) ...
Setting up libdpkg-perl (1.21.1ubuntu2) ...
Setting up autoconf (2.71-2) ...
Setting up lz4 (1.9.3-2build2) ...
Setting up liblzma-dev:arm64 (5.2.5-2ubuntu1) ...
Setting up libubsan1:arm64 (12-20220319-1ubuntu1) ...
Setting up libpcre2-posix3:arm64 (10.39-3build1) ...
Setting up liblz4-tool (1.9.3-2build2) ...
Setting up dwz (0.14-1build2) ...
Setting up libnsl-dev:arm64 (1.3.0-2build2) ...
Setting up libhwasan0:arm64 (12-20220319-1ubuntu1) ...
Setting up libcrypt-dev:arm64 (1:4.4.27-1) ...
Setting up libip6tc-dev:arm64 (1.8.7-1ubuntu5) ...
Setting up libuchardet0:arm64 (0.0.7-1build2) ...
Setting up libcap-ng-dev (0.7.9-2.2build3) ...
Setting up libxslt1.1:arm64 (1.1.34-4build2) ...
Setting up debugedit (1:5.0-4build1) ...
Setting up libsub-override-perl (0.09-2) ...
Setting up libkmod-dev:arm64 (29-1ubuntu1) ...
Setting up sgml-base (1.30) ...
Setting up libapparmor-dev:arm64 (3.0.4-2ubuntu2) ...
Setting up libbinutils:arm64 (2.38-3ubuntu1) ...
Setting up libisl23:arm64 (0.24-2build1) ...
Setting up libc-dev-bin (2.35-0ubuntu3) ...
Setting up libtasn1-6-dev:arm64 (4.18.0-4build1) ...
Setting up libcap-dev:arm64 (1:2.44-1build3) ...
Setting up python3-lib2to3 (3.10.4-0ubuntu1) ...
Setting up zstd (1.4.8+dfsg-3build1) ...
Setting up libcc1-0:arm64 (12-20220319-1ubuntu1) ...
Setting up libpolkit-gobject-1-0:arm64 (0.105-33) ...
Setting up liblsan0:arm64 (12-20220319-1ubuntu1) ...
Setting up libp11-kit-dev:arm64 (0.24.0-6build1) ...
Setting up libitm1:arm64 (12-20220319-1ubuntu1) ...
Setting up libtsan0:arm64 (11.2.0-19ubuntu1) ...
Setting up libctf0:arm64 (2.38-3ubuntu1) ...
Setting up automake (1:1.16.5-1.3) ...
update-alternatives: using /usr/bin/automake-1.16 to provide /usr/bin/automake (automake) in auto mode
Setting up python3-distutils (3.10.4-0ubuntu1) ...
Setting up libfile-stripnondeterminism-perl (1.13.0-1) ...
Setting up cpp-11 (11.2.0-19ubuntu1) ...
Setting up libglib2.0-dev-bin (2.72.1-1) ...
Setting up gettext (0.21-4ubuntu4) ...
Setting up libgmp-dev:arm64 (2:6.2.1+dfsg-3ubuntu1) ...
Setting up nettle-dev:arm64 (3.7.3-1build2) ...
Setting up python3-babel (2.8.0+dfsg.1-7) ...
update-alternatives: using /usr/bin/pybabel-python3 to provide /usr/bin/pybabel (pybabel) in auto mode
Setting up libaudit-dev:arm64 (1:3.0.7-1build1) ...
Setting up xsltproc (1.1.34-4build2) ...
Setting up meson (0.61.2-1) ...
Setting up binutils-aarch64-linux-gnu (2.38-3ubuntu1) ...
Setting up binutils (2.38-3ubuntu1) ...
Setting up dpkg-dev (1.21.1ubuntu2) ...
Setting up intltool-debian (0.35.0+20060710.5) ...
Setting up python3-jinja2 (3.0.3-1) ...
Setting up libunbound8:arm64 (1.13.1-1ubuntu5) ...
Setting up libiptc-dev:arm64 (1.8.7-1ubuntu5) ...
Setting up pkg-config (0.29.2-1ubuntu3) ...
Setting up dh-strip-nondeterminism (1.13.0-1) ...
Setting up libgcc-11-dev:arm64 (11.2.0-19ubuntu1) ...
Setting up gcc-11 (11.2.0-19ubuntu1) ...
Setting up groff-base (1.22.4-8build1) ...
Setting up python3-lxml:arm64 (4.8.0-1build1) ...
Setting up cpp (4:11.2.0-1ubuntu1) ...
Setting up xml-core (0.18+nmu1) ...
Setting up libpolkit-agent-1-0:arm64 (0.105-33) ...
Setting up libc6-dev:arm64 (2.35-0ubuntu3) ...
Setting up libbz2-dev:arm64 (1.0.8-5build1) ...
Setting up libgnutls-dane0:arm64 (3.7.3-4ubuntu1) ...
Setting up libpcre2-dev:arm64 (10.39-3build1) ...
Setting up libattr1-dev:arm64 (1:2.5.1-1build1) ...
Setting up libtool (2.4.6-15build2) ...
Setting up libpam0g-dev:arm64 (1.4.0-11ubuntu2) ...
Setting up libselinux1-dev:arm64 (3.3-1build2) ...
Setting up libpcre3-dev:arm64 (2:8.39-13ubuntu0.22.04.1) ...
Setting up po-debconf (1.0.21+nmu1) ...
Setting up man-db (2.10.2-1) ...
Setting up gcc (4:11.2.0-1ubuntu1) ...
Setting up dh-autoreconf (20) ...
Setting up libgcrypt20-dev (1.9.4-3ubuntu3) ...
Setting up libdbus-1-dev:arm64 (1.12.20-2ubuntu4) ...
Setting up uuid-dev:arm64 (2.37.2-4ubuntu3) ...
Setting up libstdc++-11-dev:arm64 (11.2.0-19ubuntu1) ...
Setting up zlib1g-dev:arm64 (1:1.2.11.dfsg-2ubuntu9) ...
Setting up gir1.2-polkit-1.0 (0.105-33) ...
Setting up libacl1-dev:arm64 (2.3.1-1) ...
Setting up libgnutls28-dev:arm64 (3.7.3-4ubuntu1) ...
Setting up libblkid-dev:arm64 (2.37.2-4ubuntu3) ...
Setting up g++-11 (11.2.0-19ubuntu1) ...
Setting up debhelper (13.6ubuntu1) ...
Setting up libelf-dev:arm64 (0.186-1build1) ...
Setting up g++ (4:11.2.0-1ubuntu1) ...
update-alternatives: using /usr/bin/g++ to provide /usr/bin/c++ (c++) in auto mode
Setting up libmicrohttpd-dev:arm64 (0.9.75-3ubuntu1) ...
Setting up build-essential (12.9ubuntu3) ...
Setting up libmount-dev:arm64 (2.37.2-4ubuntu3) ...
Setting up libdw-dev:arm64 (0.186-1build1) ...
Setting up libglib2.0-dev:arm64 (2.72.1-1) ...
Processing triggers for libglib2.0-0:arm64 (2.72.1-1) ...
No schema files found: doing nothing.
Processing triggers for libc-bin (2.35-0ubuntu3) ...
Setting up libpolkit-gobject-1-dev (0.105-33) ...
Processing triggers for sgml-base (1.30) ...
Setting up docbook-xsl (1.79.2+dfsg-1) ...
Setting up sgml-data (2.0.11+nmu1) ...
Processing triggers for sgml-base (1.30) ...
Setting up docbook-xml (4.5-11) ...
Processing triggers for sgml-base (1.30) ...
